============================================================
  Generated by:           Encounter(R) RTL Compiler v07.10-s016_1
  Generated on:           Apr 27 2016  02:59:32 PM
  Module:                 Multicycle_Datapath
  Technology library:     NangateOpenCellLibrary revision 1.0
  Operating conditions:   fast (balanced_tree)
  Wireload mode:          enclosed
============================================================

          Instance            Cells  Cell Area  Net Area      Wireload       
-----------------------------------------------------------------------------
Multicycle_Datapath           24011      41059     14097  5K_hvratio_1_1 (D) 
  memory                      12526      25693      7750  5K_hvratio_1_1 (D) 
  reg_file                     4482       8287      2382  5K_hvratio_1_1 (D) 
  alu                          5821       5238      1761  5K_hvratio_1_1 (D) 
    mul_45_26                  4865       4308      1460  5K_hvratio_1_1 (D) 
    final_adder_mux_Out_38_8    401        360       103  5K_hvratio_1_1 (D) 
  PC_reg                        168        248        36  5K_hvratio_1_1 (D) 
  ALU_reg                       108        216        32  5K_hvratio_1_1 (D) 
  Instr_Reg                     101        209        31  5K_hvratio_1_1 (D) 
  Read_B                         99        207        31  5K_hvratio_1_1 (D) 
  Read_A                         99        207        31  5K_hvratio_1_1 (D) 
  Mem_Data_Reg                   99        207        31  5K_hvratio_1_1 (D) 
  ALU_B_select                  121        120        26  5K_hvratio_1_1 (D) 
  control                       106        111        30  5K_hvratio_1_1 (D) 
  Write_Data                    100        104        25  5K_hvratio_1_1 (D) 
  ALU_A_select                   91         99        21  5K_hvratio_1_1 (D) 
  Next_PC_select                 57         67         8  5K_hvratio_1_1 (D) 
  Mem_in                         21         31         1  5K_hvratio_1_1 (D) 
  Read_B_Select                   5          9         0  5K_hvratio_1_1 (D) 

 (D) = wireload is default in technology library
