============================================================
  Generated by:           Encounter(R) RTL Compiler v07.10-s016_1
  Generated on:           Apr 27 2016  02:59:32 PM
  Module:                 Multicycle_Datapath
  Technology library:     NangateOpenCellLibrary revision 1.0
  Operating conditions:   fast (balanced_tree)
  Wireload mode:          enclosed
============================================================

                               
   Gate   Instances    Area             Library          
---------------------------------------------------------
AND2_X2          73     77.672    NangateOpenCellLibrary 
AND2_X4         323    343.672    NangateOpenCellLibrary 
AND3_X4           8     10.640    NangateOpenCellLibrary 
AND4_X2          14     22.344    NangateOpenCellLibrary 
AOI211_X2         2      2.660    NangateOpenCellLibrary 
AOI21_X2        109    115.976    NangateOpenCellLibrary 
AOI21_X4        136    253.232    NangateOpenCellLibrary 
AOI221_X2         9     14.364    NangateOpenCellLibrary 
AOI222_X1      3289   6124.118    NangateOpenCellLibrary 
AOI22_X2       3756   4995.480    NangateOpenCellLibrary 
AOI22_X4         46    110.124    NangateOpenCellLibrary 
BUF_X4           68     54.264    NangateOpenCellLibrary 
CLKBUF_X2         5      3.990    NangateOpenCellLibrary 
CLKBUF_X3        80     63.840    NangateOpenCellLibrary 
DFFS_X1           5     26.600    NangateOpenCellLibrary 
DFF_X1         3200  14470.400    NangateOpenCellLibrary 
DFF_X2         1183   5349.526    NangateOpenCellLibrary 
FA_X1             4     17.024    NangateOpenCellLibrary 
HA_X1            40    106.400    NangateOpenCellLibrary 
INV_X16          65     86.450    NangateOpenCellLibrary 
INV_X2         3618   1924.776    NangateOpenCellLibrary 
INV_X32           2      4.256    NangateOpenCellLibrary 
INV_X4         2679   1425.228    NangateOpenCellLibrary 
INV_X8          205    163.590    NangateOpenCellLibrary 
MUX2_X2          42     78.204    NangateOpenCellLibrary 
NAND2_X2       2105   1679.790    NangateOpenCellLibrary 
NAND2_X4        453    602.490    NangateOpenCellLibrary 
NAND3_X2        167    177.688    NangateOpenCellLibrary 
NAND4_X2        586    779.380    NangateOpenCellLibrary 
NAND4_X4          1      2.394    NangateOpenCellLibrary 
NOR2_X2         737    588.126    NangateOpenCellLibrary 
NOR2_X4         206    273.980    NangateOpenCellLibrary 
NOR3_X2          43     45.752    NangateOpenCellLibrary 
NOR3_X4          10     18.620    NangateOpenCellLibrary 
NOR4_X2          83    110.390    NangateOpenCellLibrary 
OAI211_X2        13     17.290    NangateOpenCellLibrary 
OAI211_X4         3      7.182    NangateOpenCellLibrary 
OAI21_X2        168    178.752    NangateOpenCellLibrary 
OAI21_X4        125    232.750    NangateOpenCellLibrary 
OAI221_X2         3      4.788    NangateOpenCellLibrary 
OAI22_X2         93    123.690    NangateOpenCellLibrary 
OAI22_X4         12     28.728    NangateOpenCellLibrary 
OAI33_X1          3      5.586    NangateOpenCellLibrary 
OR2_X2           13     13.832    NangateOpenCellLibrary 
OR2_X4           66     70.224    NangateOpenCellLibrary 
OR3_X2            1      1.330    NangateOpenCellLibrary 
OR3_X4            7      9.310    NangateOpenCellLibrary 
OR4_X4           65    103.740    NangateOpenCellLibrary 
XNOR2_X1          2      3.192    NangateOpenCellLibrary 
XNOR2_X2         80    127.680    NangateOpenCellLibrary 
XOR2_X2           5      7.980    NangateOpenCellLibrary 
---------------------------------------------------------
total         24011  41059.494                           

                                      
   Type    Instances    Area   Area % 
--------------------------------------
sequential      4388 19846.526   48.3 
inverter        6569  3604.300    8.8 
buffer           153   122.094    0.3 
logic          12901 17486.574   42.6 
--------------------------------------
total          24011 41059.494  100.0 

