============================================================
  Generated by:           Encounter(R) RTL Compiler v07.10-s016_1
  Generated on:           Apr 27 2016  02:59:32 PM
  Module:                 Multicycle_Datapath
  Technology library:     NangateOpenCellLibrary revision 1.0
  Operating conditions:   fast (balanced_tree)
  Wireload mode:          enclosed
============================================================

      Pin            Type     Fanout Load Slew Delay Arrival   
                                     (fF) (ps)  (ps)   (ps)    
---------------------------------------------------------------
(clock clk_input)   launch                                 0 R 
control
  State_reg[0]/CK                            0             0 R 
  State_reg[0]/QN   DFF_X2         2  3.7   18   +81      81 R 
  g1506/A                                         +0      81   
  g1506/ZN          INV_X4         4  6.8   11   +16      97 F 
  g1448/A2                                        +0      97   
  g1448/ZN          NAND3_X2       1  2.7   19   +25     122 R 
  g1422/B2                                        +0     122   
  g1422/ZN          AOI21_X4       3  8.2   17   +22     144 F 
control/ALU_B_Mux_Select[1] 
ALU_B_select/Select[1] 
  g832/A2                                         +0     144   
  g832/ZN           NOR2_X4        1  3.8   13   +24     168 R 
  g831/A                                          +0     168   
  g831/ZN           INV_X8         2 11.0    8   +12     180 F 
  g823/A                                          +0     180   
  g823/ZN           INV_X8         3 12.3   11   +16     197 R 
  g822/A                                          +0     197   
  g822/ZN           INV_X16        7 22.4    8   +12     210 F 
  g782/B1                                         +0     210   
  g782/ZN           OAI21_X4       5  7.8   24   +29     239 R 
ALU_B_select/Out[4] 
alu/B[4] 
  mul_45_26/B[4] 
    g23611/A                                      +0     239   
    g23611/ZN       INV_X4         2  3.0    9   +10     249 F 
    g22576/A2                                     +0     249   
    g22576/ZN       NAND2_X2       1  2.4   14   +20     269 R 
    g21991/A1                                     +0     269   
    g21991/ZN       NAND2_X4       1  3.8    9   +13     282 F 
    g21990/A                                      +0     282   
    g21990/ZN       INV_X8         5 14.6   13   +19     301 R 
    g21989/A                                      +0     301   
    g21989/ZN       INV_X8        10 17.7   11   +16     317 F 
    g21976/A                                      +0     317   
    g21976/ZN       INV_X4         6 10.0   17   +24     341 R 
    g21674/A1                                     +0     341   
    g21674/ZN       NOR2_X2        1  1.5   10   +12     353 F 
    g20896/A2                                     +0     353   
    g20896/ZN       NOR2_X2        3  5.1   26   +36     389 R 
    g20894/A                                      +0     389   
    g20894/ZN       INV_X4         2  3.2   10   +10     400 F 
    g19918/B1                                     +0     400   
    g19918/ZN       AOI22_X2       4  6.8   42   +55     454 R 
    g19743/A                                      +0     454   
    g19743/ZN       INV_X4         1  1.4   11    +6     460 F 
    g19431/A2                                     +0     460   
    g19431/ZN       NAND2_X2       1  2.4   14   +21     482 R 
    g19397/A1                                     +0     482   
    g19397/ZN       NAND2_X4       2  3.6    9   +13     494 F 
    g19114/A2                                     +0     494   
    g19114/ZN       NAND2_X2       1  2.7   15   +21     516 R 
    g19085/A2                                     +0     516   
    g19085/ZN       NAND2_X4       2  4.9   10   +15     531 F 
    g18943/A                                      +0     531   
    g18943/ZN       INV_X4         1  2.7    7   +12     543 R 
    g18677/A1                                     +0     543   
    g18677/ZN       NOR2_X4        2  3.5    9   +10     553 F 
    g18572/A                                      +0     553   
    g18572/ZN       AOI21_X4       1  1.5   14   +26     579 R 
    g18416/A1                                     +0     579   
    g18416/ZN       NAND2_X2       2  2.5   10   +15     594 F 
    g18294/A2                                     +0     594   
    g18294/ZN       NAND3_X2       1  2.1   17   +23     617 R 
    g18293/A                                      +0     617   
    g18293/ZN       INV_X4         1  2.7    7    +9     626 F 
    g18243/A1                                     +0     626   
    g18243/ZN       NOR2_X4        2  3.7   13   +17     643 R 
    g18188/A1                                     +0     643   
    g18188/ZN       NOR2_X4        2  2.9    9   +11     653 F 
    g18187/A                                      +0     653   
    g18187/ZN       INV_X2         1  2.4   10   +15     669 R 
    g18108/A1                                     +0     669   
    g18108/ZN       NAND2_X4       2  3.0    7   +11     680 F 
    g18107/A                                      +0     680   
    g18107/ZN       INV_X2         2  3.7   14   +19     698 R 
    g18106/A                                      +0     698   
    g18106/ZN       INV_X4         1  2.4    6    +8     707 F 
    g18054/A1                                     +0     707   
    g18054/ZN       NAND2_X4       1  2.7   11   +13     719 R 
    g18040/A2                                     +0     719   
    g18040/ZN       NAND2_X4       1  2.9    8   +12     732 F 
  mul_45_26/Z[14] 
  g5190/B1                                        +0     732   
  g5190/ZN          AOI21_X4       3  6.5   24   +26     758 R 
  g5189/A                                         +0     758   
  g5189/ZN          INV_X8         3  6.1    9   +10     768 F 
  final_adder_mux_Out_38_8/A[14] 
    g4390/A1                                      +0     768   
    g4390/ZN        NOR2_X4        4  6.4   18   +23     791 R 
    g4217/A1                                      +0     791   
    g4217/ZN        NOR2_X2        1  1.5   15   +12     803 F 
    g4102/A2                                      +0     803   
    g4102/ZN        NAND3_X2       1  1.6   16   +23     827 R 
    g4098/A1                                      +0     827   
    g4098/ZN        NAND3_X2       2  2.9   13   +18     844 F 
    g4091/A2                                      +0     844   
    g4091/ZN        NAND3_X2       1  1.6   16   +22     867 R 
    g4076/A1                                      +0     867   
    g4076/ZN        NAND3_X2       2  3.1   13   +18     885 F 
    g4071/A2                                      +0     885   
    g4071/ZN        NAND4_X2       1  1.4   20   +25     910 R 
    g4066/A2                                      +0     910   
    g4066/ZN        NAND2_X2       3  4.0   13   +20     930 F 
    g4053/A3                                      +0     930   
    g4053/ZN        NAND3_X2       1  1.5   15   +25     956 R 
    g4030/A1                                      +0     956   
    g4030/ZN        NAND2_X2       1  2.7   11   +16     972 F 
    g4025/A1                                      +0     972   
    g4025/ZN        NOR2_X4        2  3.7   13   +18     990 R 
    g4024/A                                       +0     990   
    g4024/ZN        INV_X4         1  2.4    6    +8     998 F 
    g4005/A1                                      +0     998   
    g4005/ZN        NAND2_X4       1  2.7   11   +12    1010 R 
    g4002/A2                                      +0    1010   
    g4002/ZN        NAND2_X4       2  2.5    8   +12    1022 F 
  final_adder_mux_Out_38_8/Z[31] 
alu/Out[31] 
g12/A                                             +0    1022   
g12/Z               CLKBUF_X3      1  1.5    6   +24    1046 F 
ALU_reg/In[31] 
  g686/A1                                         +0    1046   
  g686/ZN           NAND2_X2       1  1.5   20   +13    1059 R 
  g633/A1                                         +0    1059   
  g633/ZN           NAND2_X2       1  1.1    9   +12    1071 F 
  Out_reg[31]/D     DFFS_X1                       +0    1071   
  Out_reg[31]/CK    setup                    0   +29    1100 R 
- - - - - - - - - - - - - - - - - - - - - - - - - - - - - - - -
(clock clk_input)   capture                             1100 R 
---------------------------------------------------------------
Timing slack :       0ps 
Start-point  : control/State_reg[0]/CK
End-point    : ALU_reg/Out_reg[31]/D
