============================================================
  Generated by:           Encounter(R) RTL Compiler v07.10-s016_1
  Generated on:           Apr 26 2016  03:05:21 PM
  Module:                 Multicycle_Datapath
  Technology library:     NangateOpenCellLibrary revision 1.0
  Operating conditions:   fast (balanced_tree)
  Wireload mode:          enclosed
============================================================

      Instance       Cells  Cell Area  Net Area      Wireload       
--------------------------------------------------------------------
Multicycle_Datapath  19472      37890     12895  5K_hvratio_1_1 (D) 
  memory             12519      25628      7743  5K_hvratio_1_1 (D) 
  reg_file            4482       8286      2382  5K_hvratio_1_1 (D) 
  alu                 1536       2317       579  5K_hvratio_1_1 (D) 
    approx_mul         996       1516       396  5K_hvratio_1_1 (D) 
      mul_232_18       805       1209       318  5K_hvratio_1_1 (D) 
    sub_49_33          216        214        32  5K_hvratio_1_1 (D) 
    add_48_26           33        134         5  5K_hvratio_1_1 (D) 
  Read_B                99        207        31  5K_hvratio_1_1 (D) 
  Read_A                99        207        31  5K_hvratio_1_1 (D) 
  PC_reg                99        207        31  5K_hvratio_1_1 (D) 
  Mem_Data_Reg          99        207        31  5K_hvratio_1_1 (D) 
  Instr_Reg             99        207        31  5K_hvratio_1_1 (D) 
  ALU_reg               99        207        31  5K_hvratio_1_1 (D) 
  Write_Data            98        103        18  5K_hvratio_1_1 (D) 
  control               84         92        26  5K_hvratio_1_1 (D) 
  ALU_B_select          67         58        20  5K_hvratio_1_1 (D) 
  Next_PC_select        32         60         0  5K_hvratio_1_1 (D) 
  ALU_A_select          32         60         0  5K_hvratio_1_1 (D) 
  Mem_in                21         31         1  5K_hvratio_1_1 (D) 
  Read_B_Select          5          9         0  5K_hvratio_1_1 (D) 

 (D) = wireload is default in technology library
