============================================================
  Generated by:           Encounter(R) RTL Compiler v07.10-s016_1
  Generated on:           Apr 26 2016  03:05:22 PM
  Module:                 Multicycle_Datapath
  Technology library:     NangateOpenCellLibrary revision 1.0
  Operating conditions:   fast (balanced_tree)
  Wireload mode:          enclosed
============================================================

                               
   Gate   Instances    Area             Library          
---------------------------------------------------------
AND2_X2          72     76.608    NangateOpenCellLibrary 
AND2_X4         303    322.392    NangateOpenCellLibrary 
AND3_X2           2      2.660    NangateOpenCellLibrary 
AND3_X4           5      6.650    NangateOpenCellLibrary 
AND4_X1           2      3.192    NangateOpenCellLibrary 
AND4_X2          17     27.132    NangateOpenCellLibrary 
AND4_X4           1      1.596    NangateOpenCellLibrary 
AOI211_X2         3      3.990    NangateOpenCellLibrary 
AOI21_X1         66     70.224    NangateOpenCellLibrary 
AOI21_X2        148    157.472    NangateOpenCellLibrary 
AOI221_X2         5      7.980    NangateOpenCellLibrary 
AOI222_X1      3265   6079.430    NangateOpenCellLibrary 
AOI22_X1        100    133.000    NangateOpenCellLibrary 
AOI22_X2       3786   5035.380    NangateOpenCellLibrary 
BUF_X4            1      0.798    NangateOpenCellLibrary 
DFF_X1         3225  14583.450    NangateOpenCellLibrary 
DFF_X2         1203   5439.966    NangateOpenCellLibrary 
DLL_X2           96    255.360    NangateOpenCellLibrary 
FA_X1           142    604.352    NangateOpenCellLibrary 
HA_X1             8     21.280    NangateOpenCellLibrary 
INV_X1          157     83.524    NangateOpenCellLibrary 
INV_X2         3284   1747.088    NangateOpenCellLibrary 
INV_X4         1519    808.108    NangateOpenCellLibrary 
INV_X8            3      2.394    NangateOpenCellLibrary 
MUX2_X2          85    158.270    NangateOpenCellLibrary 
NAND2_X1        143    114.114    NangateOpenCellLibrary 
NAND2_X2        223    177.954    NangateOpenCellLibrary 
NAND2_X4          9     11.970    NangateOpenCellLibrary 
NAND3_X1          2      2.128    NangateOpenCellLibrary 
NAND3_X2        116    123.424    NangateOpenCellLibrary 
NAND4_X1          2      2.660    NangateOpenCellLibrary 
NAND4_X2        577    767.410    NangateOpenCellLibrary 
NOR2_X1          12      9.576    NangateOpenCellLibrary 
NOR2_X2         288    229.824    NangateOpenCellLibrary 
NOR2_X4          43     57.190    NangateOpenCellLibrary 
NOR3_X1           4      4.256    NangateOpenCellLibrary 
NOR3_X2          28     29.792    NangateOpenCellLibrary 
NOR4_X1           6      7.980    NangateOpenCellLibrary 
NOR4_X2          85    113.050    NangateOpenCellLibrary 
OAI211_X1         1      1.330    NangateOpenCellLibrary 
OAI211_X2         2      2.660    NangateOpenCellLibrary 
OAI21_X1          8      8.512    NangateOpenCellLibrary 
OAI21_X2         37     39.368    NangateOpenCellLibrary 
OAI221_X2         1      1.596    NangateOpenCellLibrary 
OAI22_X2         64     85.120    NangateOpenCellLibrary 
OR2_X2            9      9.576    NangateOpenCellLibrary 
OR2_X4           76     80.864    NangateOpenCellLibrary 
OR3_X2            1      1.330    NangateOpenCellLibrary 
OR3_X4            9     11.970    NangateOpenCellLibrary 
OR4_X2            1      1.596    NangateOpenCellLibrary 
OR4_X4           66    105.336    NangateOpenCellLibrary 
XNOR2_X1         68    108.528    NangateOpenCellLibrary 
XNOR2_X2         62     98.952    NangateOpenCellLibrary 
XOR2_X1          31     49.476    NangateOpenCellLibrary 
---------------------------------------------------------
total         19472  37889.838                           

                                      
   Type    Instances    Area   Area % 
--------------------------------------
sequential      4524 20278.776   53.5 
inverter        4963  2641.114    7.0 
buffer             1     0.798    0.0 
logic           9984 14969.150   39.5 
--------------------------------------
total          19472 37889.838  100.0 

