============================================================
  Generated by:           Encounter(R) RTL Compiler v07.10-s016_1
  Generated on:           Mar 29 2016  01:57:14 PM
  Module:                 Multicycle_Datapath
  Technology library:     NangateOpenCellLibrary revision 1.0
  Operating conditions:   typical (balanced_tree)
  Wireload mode:          enclosed
============================================================

          Instance            Cells  Cell Area  Net Area      Wireload       
-----------------------------------------------------------------------------
Multicycle_Datapath          135712     270338     89688  5K_hvratio_1_1 (D) 
  memory                     128244     257531     82820  5K_hvratio_1_1 (D) 
  reg_file                     4482       8286      2381  5K_hvratio_1_1 (D) 
  alu                          1974       2832       736  5K_hvratio_1_1 (D) 
    mul_45_26                  1481       2201       568  5K_hvratio_1_1 (D) 
    final_adder_mux_Out_38_8    130        188        23  5K_hvratio_1_1 (D) 
  Read_B                         99        207        31  5K_hvratio_1_1 (D) 
  Read_A                         99        207        31  5K_hvratio_1_1 (D) 
  PC_reg                         99        207        31  5K_hvratio_1_1 (D) 
  Mem_Data_Reg                   99        207        31  5K_hvratio_1_1 (D) 
  Instr_Reg                      99        207        31  5K_hvratio_1_1 (D) 
  ALU_reg                        99        207        31  5K_hvratio_1_1 (D) 
  control                        89         95        27  5K_hvratio_1_1 (D) 
  Write_Data                     98         95        18  5K_hvratio_1_1 (D) 
  ALU_A_select                   82         80        16  5K_hvratio_1_1 (D) 
  ALU_B_select                   94         74        21  5K_hvratio_1_1 (D) 
  Next_PC_select                 32         60         0  5K_hvratio_1_1 (D) 
  Mem_in                         16         30         0  5K_hvratio_1_1 (D) 
  Read_B_Select                   5          9         0  5K_hvratio_1_1 (D) 

 (D) = wireload is default in technology library
