============================================================
  Generated by:           Encounter(R) RTL Compiler v07.10-s016_1
  Generated on:           Mar 29 2016  01:57:20 PM
  Module:                 Multicycle_Datapath
  Technology library:     NangateOpenCellLibrary revision 1.0
  Operating conditions:   typical (balanced_tree)
  Wireload mode:          enclosed
============================================================

                                
   Gate   Instances     Area             Library          
----------------------------------------------------------
AND2_X2          16      17.024    NangateOpenCellLibrary 
AND2_X4        2221    2363.144    NangateOpenCellLibrary 
AND3_X4           2       2.660    NangateOpenCellLibrary 
AND4_X2         103     164.388    NangateOpenCellLibrary 
AND4_X4           5       7.980    NangateOpenCellLibrary 
AOI211_X2         5       6.650    NangateOpenCellLibrary 
AOI21_X1          1       1.064    NangateOpenCellLibrary 
AOI21_X2         70      74.480    NangateOpenCellLibrary 
AOI221_X1        13      20.748    NangateOpenCellLibrary 
AOI221_X2        58      92.568    NangateOpenCellLibrary 
AOI222_X1     33510   62395.620    NangateOpenCellLibrary 
AOI22_X1          3       3.990    NangateOpenCellLibrary 
AOI22_X2      15888   21131.040    NangateOpenCellLibrary 
BUF_X4            1       0.798    NangateOpenCellLibrary 
CLKBUF_X3         1       0.798    NangateOpenCellLibrary 
DFF_X1           54     244.188    NangateOpenCellLibrary 
DFF_X2        33134  149831.948    NangateOpenCellLibrary 
FA_X1           173     736.288    NangateOpenCellLibrary 
HA_X1            97     258.020    NangateOpenCellLibrary 
INV_X1           17       9.044    NangateOpenCellLibrary 
INV_X16           1       1.330    NangateOpenCellLibrary 
INV_X2        32446   17261.272    NangateOpenCellLibrary 
INV_X4         7238    3850.616    NangateOpenCellLibrary 
INV_X8            1       0.798    NangateOpenCellLibrary 
MUX2_X2          63     117.306    NangateOpenCellLibrary 
NAND2_X1          9       7.182    NangateOpenCellLibrary 
NAND2_X2       3092    2467.416    NangateOpenCellLibrary 
NAND2_X4         52      69.160    NangateOpenCellLibrary 
NAND3_X2        451     479.864    NangateOpenCellLibrary 
NAND4_X2       3947    5249.510    NangateOpenCellLibrary 
NOR2_X1           1       0.798    NangateOpenCellLibrary 
NOR2_X2        1182     943.236    NangateOpenCellLibrary 
NOR2_X4          57      75.810    NangateOpenCellLibrary 
NOR3_X2          23      24.472    NangateOpenCellLibrary 
NOR4_X2        1036    1377.880    NangateOpenCellLibrary 
OAI211_X2         2       2.660    NangateOpenCellLibrary 
OAI21_X2         82      87.248    NangateOpenCellLibrary 
OAI221_X2         1       1.596    NangateOpenCellLibrary 
OAI22_X2        121     160.930    NangateOpenCellLibrary 
OAI33_X1          1       1.862    NangateOpenCellLibrary 
OR2_X2           64      68.096    NangateOpenCellLibrary 
OR2_X4           43      45.752    NangateOpenCellLibrary 
OR3_X2            1       1.330    NangateOpenCellLibrary 
OR3_X4            3       3.990    NangateOpenCellLibrary 
OR4_X2            1       1.596    NangateOpenCellLibrary 
OR4_X4           64     102.144    NangateOpenCellLibrary 
XNOR2_X1          1       1.596    NangateOpenCellLibrary 
XNOR2_X2        313     499.548    NangateOpenCellLibrary 
XOR2_X1           3       4.788    NangateOpenCellLibrary 
XOR2_X2          41      65.436    NangateOpenCellLibrary 
----------------------------------------------------------
total        135712  270337.662                           

                                       
   Type    Instances    Area    Area % 
---------------------------------------
sequential     33188 150076.136   55.5 
inverter       39703  21123.060    7.8 
buffer             2      1.596    0.0 
logic          62819  99136.870   36.7 
---------------------------------------
total         135712 270337.662  100.0 

