============================================================
  Generated by:           Encounter(R) RTL Compiler v07.10-s016_1
  Generated on:           Mar 29 2016  01:57:06 PM
  Module:                 Multicycle_Datapath
  Technology library:     NangateOpenCellLibrary revision 1.0
  Operating conditions:   typical (balanced_tree)
  Wireload mode:          enclosed
============================================================

      Pin            Type    Fanout Load Slew Delay Arrival   
                                    (fF) (ps)  (ps)   (ps)    
--------------------------------------------------------------
(clock clk_input)   launch                                0 R 
control
  State_reg[0]/CK                           0             0 R 
  State_reg[0]/QN   DFF_X2        4  7.4   49  +151     151 R 
  g1075/A                                        +0     151   
  g1075/ZN          INV_X4        7 11.4   23   +37     188 F 
  g1352/A1                                       +0     188   
  g1352/ZN          NAND2_X2      2  2.9   27   +39     227 R 
  g1350/A                                        +0     227   
  g1350/ZN          INV_X2        2  3.3   14   +24     250 F 
  g1325/A2                                       +0     250   
  g1325/ZN          NAND3_X2      2  3.5   37   +48     298 R 
  g1313/A2                                       +0     298   
  g1313/ZN          NAND2_X2     13 19.3   60   +86     384 F 
control/ALU_B_Mux_Select[1] 
ALU_B_select/Select[1] 
  g522/A1                                        +0     384   
  g522/ZN           NOR2_X2       8 14.8  123  +162     546 R 
  g521/A                                         +0     546   
  g521/ZN           INV_X4        5  9.5   36   +40     586 F 
  g520/A                                         +0     586   
  g520/ZN           INV_X4       12 22.1   63   +86     673 R 
  g443/B1                                        +0     673   
  g443/ZN           AOI21_X2      1  2.1   37   +33     705 F 
  g442/A                                         +0     705   
  g442/ZN           INV_X4       15 26.6   75   +99     804 R 
ALU_B_select/Out[9] 
alu/B[9] 
  mul_45_26/B[9] 
    g6712/A                                      +0     804   
    g6712/ZN        INV_X4       16 30.0   46   +77     882 F 
    g6294/B1                                     +0     882   
    g6294/ZN        OAI21_X2      1  2.1   36   +59     940 R 
    g6293/A                                      +0     940   
    g6293/ZN        INV_X4        3  4.5   14   +20     961 F 
    g6292/A                                      +0     961   
    g6292/ZN        INV_X2       21 38.9  215  +235    1196 R 
    g5881/A1                                     +0    1196   
    g5881/ZN        NAND2_X2      3  5.9   61   +58    1254 F 
    g5880/A                                      +0    1254   
    g5880/ZN        INV_X4        1  1.5   18   +31    1285 R 
    g5506/A2                                     +0    1285   
    g5506/ZN        NOR2_X2       1  1.5   15   +20    1306 F 
    g5436/A2                                     +0    1306   
    g5436/ZN        OAI22_X2      2  2.9   59   +60    1366 R 
    g5341/A                                      +0    1366   
    g5341/ZN        INV_X2        3  4.9   24   +37    1402 F 
    g5221/A1                                     +0    1402   
    g5221/ZN        NAND2_X2      1  1.5   19   +32    1434 R 
    g5216/A1                                     +0    1434   
    g5216/ZN        NAND2_X2      2  3.7   16   +26    1460 F 
    g5140/A1                                     +0    1460   
    g5140/ZN        NAND2_X2      1  1.3   19   +26    1486 R 
    g5139/A2                                     +0    1486   
    g5139/ZN        NAND2_X2      2  2.9   14   +25    1512 F 
    g5093/A                                      +0    1512   
    g5093/ZN        INV_X2        2  3.1   22   +32    1543 R 
    g5066/A1                                     +0    1543   
    g5066/ZN        NAND2_X2      1  1.5   11   +19    1562 F 
    g5060/A1                                     +0    1562   
    g5060/ZN        NAND2_X2      2  3.8   32   +38    1600 R 
    g5059/A                                      +0    1600   
    g5059/ZN        INV_X4        1  1.5    9   +12    1612 F 
    g5043/B1                                     +0    1612   
    g5043/ZN        OAI22_X2      1  2.1   51   +60    1672 R 
    g5024/A                                      +0    1672   
    g5024/ZN        INV_X4        2  3.1   15   +18    1689 F 
    g4983/A                                      +0    1689   
    g4983/CO        HA_X1         1  1.5   14   +49    1738 F 
    g4908/B2                                     +0    1738   
    g4908/ZN        OAI21_X2      2  3.8   46   +66    1804 R 
    g4903/B1                                     +0    1804   
    g4903/ZN        AOI21_X2      2  3.8   23   +38    1843 F 
    g4900/B1                                     +0    1843   
    g4900/ZN        OAI21_X2      2  3.8   46   +62    1905 R 
    g4897/B1                                     +0    1905   
    g4897/ZN        AOI21_X2      1  2.1   20   +30    1935 F 
    g4896/A                                      +0    1935   
    g4896/ZN        INV_X4        2  3.8   15   +27    1962 R 
    g4893/B1                                     +0    1962   
    g4893/ZN        AOI21_X2      1  1.3   16   +20    1982 F 
    g4891/A                                      +0    1982   
    g4891/ZN        INV_X2        2  3.8   26   +37    2019 R 
    g4888/B1                                     +0    2019   
    g4888/ZN        AOI21_X2      1  1.3   16   +23    2041 F 
    g4886/A                                      +0    2041   
    g4886/ZN        INV_X2        2  3.8   26   +37    2078 R 
    g4883/B1                                     +0    2078   
    g4883/ZN        AOI21_X2      1  2.1   18   +26    2104 F 
    g4881/A                                      +0    2104   
    g4881/ZN        INV_X4        2  3.8   15   +26    2130 R 
    g4878/B1                                     +0    2130   
    g4878/ZN        AOI21_X2      2  3.5   20   +27    2157 F 
    g4877/A                                      +0    2157   
    g4877/ZN        INV_X4        1  1.7   11   +20    2177 R 
    g4873/B1                                     +0    2177   
    g4873/ZN        AOI21_X2      2  3.5   20   +26    2202 F 
    g4872/A                                      +0    2202   
    g4872/ZN        INV_X4        1  1.7   11   +20    2223 R 
    g4868/B1                                     +0    2223   
    g4868/ZN        AOI21_X2      1  2.1   18   +21    2244 F 
    g4867/A                                      +0    2244   
    g4867/ZN        INV_X4        2  3.8   15   +26    2269 R 
    g4863/B1                                     +0    2269   
    g4863/ZN        AOI21_X2      2  3.8   21   +28    2297 F 
    g4859/B1                                     +0    2297   
    g4859/ZN        OAI21_X2      2  3.8   46   +61    2359 R 
    g4855/B1                                     +0    2359   
    g4855/ZN        AOI21_X2      1  2.5   21   +32    2391 F 
    g4853/CI                                     +0    2391   
    g4853/CO        FA_X1         1  2.5   30  +109    2500 F 
    g4851/CI                                     +0    2500   
    g4851/CO        FA_X1         1  2.5   30  +113    2613 F 
    g4849/CI                                     +0    2613   
    g4849/CO        FA_X1         1  2.5   30  +113    2726 F 
    g4847/CI                                     +0    2726   
    g4847/CO        FA_X1         1  2.5   30  +113    2839 F 
    g4845/CI                                     +0    2839   
    g4845/CO        FA_X1         1  2.5   30  +113    2952 F 
    g4843/CI                                     +0    2952   
    g4843/CO        FA_X1         1  2.5   30  +113    3065 F 
    g4841/CI                                     +0    3065   
    g4841/S         FA_X1         1  1.3   25  +157    3223 R 
    g4840/A                                      +0    3223   
    g4840/ZN        INV_X2        1  1.5   10   +16    3239 F 
  mul_45_26/Z[30] 
  g4705/A1                                       +0    3239   
  g4705/ZN          NAND2_X2      1  1.5   22   +24    3263 R 
  g4457/A1                                       +0    3263   
  g4457/ZN          NAND2_X2      2  5.5   28   +33    3296 F 
  g4456/A                                        +0    3296   
  g4456/ZN          INV_X4        1  2.1   14   +24    3321 R 
  g4373/A                                        +0    3321   
  g4373/S           HA_X1         1  2.0   60  +100    3421 R 
  g4362/A                                        +0    3421   
  g4362/ZN          XNOR2_X2      1  1.9   32   +72    3493 R 
  g4328/A2                                       +0    3493   
  g4328/ZN          NOR4_X2       1  1.7   20   +32    3526 F 
alu/Zero 
g12/B1                                           +0    3526   
g12/ZN              AOI21_X2      1  2.1   40   +46    3572 R 
g11/A                                            +0    3572   
g11/ZN              INV_X4        2  3.7   14   +19    3590 F 
PC_reg/write_enable 
  g680/A1                                        +0    3590   
  g680/ZN           NOR2_X4      32 68.2  267  +298    3889 R 
  g662/A1                                        +0    3889   
  g662/ZN           AOI22_X2      1  2.1   68   +34    3923 F 
  g661/A                                         +0    3923   
  g661/ZN           INV_X4        1  1.2   18   +31    3954 R 
  Out_reg[9]/D      DFF_X2                       +0    3954   
  Out_reg[9]/CK     setup                   0   +44    3998 R 
- - - - - - - - - - - - - - - - - - - - - - - - - - - - - - - 
(clock clk_input)   capture                            4000 R 
--------------------------------------------------------------
Timing slack :       2ps 
Start-point  : control/State_reg[0]/CK
End-point    : PC_reg/Out_reg[9]/D
