============================================================
  Generated by:           Encounter(R) RTL Compiler v07.10-s016_1
  Generated on:           Apr 26 2016  03:05:21 PM
  Module:                 Multicycle_Datapath
  Technology library:     NangateOpenCellLibrary revision 1.0
  Operating conditions:   fast (balanced_tree)
  Wireload mode:          enclosed
============================================================

         Pin              Type     Fanout Load Slew Delay Arrival   
                                          (fF) (ps)  (ps)   (ps)    
--------------------------------------------------------------------
(clock clk_input)        launch                                 0 R 
alu
  approx_mul
    shift_B_reg[1]/CK                             0             0 R 
    shift_B_reg[1]/Q     DFF_X2         1  1.5   10  +103     103 F 
    g3287/A1                                           +0     103   
    g3287/ZN             NAND2_X2       2  3.3   16   +21     124 R 
    g3183/A2                                           +0     124   
    g3183/ZN             NAND4_X2       4  7.5   24   +34     158 F 
    g3181/A                                            +0     158   
    g3181/ZN             INV_X4         2  3.1   11   +18     176 R 
    g3170/A1                                           +0     176   
    g3170/ZN             NAND2_X2       3  4.7   20   +20     195 F 
    g3134/A1                                           +0     195   
    g3134/ZN             NAND2_X2       1  2.1   13   +21     216 R 
    g3133/A                                            +0     216   
    g3133/ZN             INV_X4        13 24.0   25   +34     250 F 
    mul_232_18/B[7] 
      g4257/A                                          +0     250   
      g4257/ZN           INV_X4        12 22.4   36   +49     300 R 
      g4024/A3                                         +0     300   
      g4024/ZN           NAND3_X2       1  1.3   11   +15     315 F 
      g3886/A                                          +0     315   
      g3886/ZN           OAI21_X2      14 27.3  115  +106     421 R 
      g3885/A                                          +0     421   
      g3885/ZN           INV_X4         3  4.7   28   +10     431 F 
      g3876/A                                          +0     431   
      g3876/ZN           INV_X2         2  3.5   17   +27     458 R 
      g3741/A1                                         +0     458   
      g3741/ZN           AOI22_X2       1  2.5   35   +18     476 F 
      g3692/CI                                         +0     476   
      g3692/CO           FA_X1          1  3.3   23   +74     550 F 
      g3633/A                                          +0     550   
      g3633/CO           FA_X1          1  2.5   20   +69     619 F 
      g3606/CI                                         +0     619   
      g3606/CO           FA_X1          1  2.5   20   +63     682 F 
      g3567/CI                                         +0     682   
      g3567/S            FA_X1          1  2.5   21   +97     779 R 
      g3485/CI                                         +0     779   
      g3485/S            FA_X1          2  3.1   21   +90     869 F 
      g3467/A1                                         +0     869   
      g3467/ZN           NAND2_X2       3  4.7   21   +30     899 R 
      g3430/A2                                         +0     899   
      g3430/ZN           NAND2_X2       2  3.7   14   +20     919 F 
      g3422/A1                                         +0     919   
      g3422/ZN           NOR2_X2        2  3.4   20   +27     946 R 
      g3419/A1                                         +0     946   
      g3419/ZN           NAND3_X2       1  1.5   13   +15     960 F 
      g3412/A                                          +0     960   
      g3412/ZN           OAI211_X2      3  5.7   36   +41    1001 R 
      g3406/C1                                         +0    1001   
      g3406/ZN           AOI221_X2      3  5.7   29   +34    1036 F 
      g3403/A1                                         +0    1036   
      g3403/ZN           NOR3_X2        1  1.7   19   +28    1064 R 
      g3398/A1                                         +0    1064   
      g3398/ZN           NOR3_X2        1  2.5   17   +18    1081 F 
      g3391/CI                                         +0    1081   
      g3391/CO           FA_X1          1  1.5   16   +55    1136 F 
      g3389/A                                          +0    1136   
      g3389/ZN           XNOR2_X1       1  1.2   17   +41    1177 F 
    mul_232_18/Z[31] 
    out_mul_reg[31]/D    DFF_X1                        +0    1177   
    out_mul_reg[31]/CK   setup                    0   +20    1197 R 
- - - - - - - - - - - - - - - - - - - - - - - - - - - - - - - - - - 
(clock clk_input)        capture                             1200 R 
--------------------------------------------------------------------
Timing slack :       3ps 
Start-point  : alu/approx_mul/shift_B_reg[1]/CK
End-point    : alu/approx_mul/out_mul_reg[31]/D
